<?xml version="1.0" encoding="UTF-8"?>
<!-- Generated by org.testng.reporters.JUnitReportReporter -->
<testsuite hostname="DESKTOP-KVPUDNO" failures="0" tests="1" name="org.automation_learn.Runner" time="22.168" errors="0" timestamp="2024-01-05T16:48:35 IST" skipped="0">
  <testcase classname="org.automation_learn.Runner" name="formFill1" time="22.168"/>
</testsuite> <!-- org.automation_learn.Runner -->
