<?xml version="1.0" encoding="UTF-8"?>
<!-- Generated by org.testng.reporters.JUnitReportReporter -->
<testsuite hostname="DESKTOP-KVPUDNO" failures="0" tests="1" name="org.automation_learn.TestRunner" time="17.876" errors="0" timestamp="2024-01-08T15:58:56 IST" skipped="0">
  <testcase classname="org.automation_learn.TestRunner" name="formFill1" time="17.876"/>
</testsuite> <!-- org.automation_learn.TestRunner -->
